#
# A fatal error has been detected by the Java Runtime Environment:
#
#  SIGBUS (0xa) at pc=0x000000010cbc1e92, pid=33740, tid=20231
#
# JRE version: Java(TM) SE Runtime Environment (8.0_77-b03) (build 1.8.0_77-b03)
# Java VM: Java HotSpot(TM) 64-Bit Server VM (25.77-b03 mixed mode bsd-amd64 compressed oops)
# Problematic frame:
# C  [libzip.dylib+0x2e92]  newEntry+0x154
#
# Failed to write core dump. Core dumps have been disabled. To enable core dumping, try "ulimit -c unlimited" before starting Java again
#
# If you would like to submit a bug report, please visit:
#   http://bugreport.java.com/bugreport/crash.jsp
# The crash happened outside the Java Virtual Machine in native code.
# See problematic frame for where to report the bug.
#

---------------  T H R E A D  ---------------

Current thread (0x00007fb03d907000):  JavaThread "Thread-12" [_thread_in_native, id=20231, stack(0x00000001283bc000,0x00000001284bc000)]

siginfo: si_signo: 10 (SIGBUS), si_code: 2 (BUS_ADRERR), si_addr: 0x00000001265ca2f7

Registers:
RAX=0x00007fb03952f360, RBX=0x00000001265ca2eb, RCX=0x0000000000000001, RDX=0x0000000000000f08
RSP=0x00000001284b9440, RBP=0x00000001284b94a0, RSI=0x00007fb03b900000, RDI=0x000000010c946e00
R8 =0x0000000000000004, R9 =0x00000000ffff8000, R10=0x000000010e4ba4d8, R11=0xfffffff9920a28f6
R12=0x000000012646d000, R13=0x000000000002dc60, R14=0x000000009ac6435b, R15=0x00007fb03b8dc2c0
RIP=0x000000010cbc1e92, EFLAGS=0x0000000000010206, ERR=0x0000000000000004
  TRAPNO=0x000000000000000e

Top of Stack: (sp=0x00000001284b9440)
0x00000001284b9440:   0000000000000000 0000000000000000
0x00000001284b9450:   0000000000000000 0000000000000000
0x00000001284b9460:   00000001284b9480 00007fb03952f360
0x00000001284b9470:   00007fb03b9f76a0 00007fb03952f360
0x00000001284b9480:   000000012646d000 000000000002dc60
0x00000001284b9490:   000000009ac6435b 00007fb03b8dc2c0
0x00000001284b94a0:   00000001284b9500 000000010cbc252d
0x00000001284b94b0:   00000001284b954a 00000001284b9549
0x00000001284b94c0:   0000002a00000000 0000002b01907000
0x00000001284b94d0:   00000001284b951e 00000001284b9968
0x00000001284b94e0:   000000000000002b 00000001284b951e
0x00000001284b94f0:   00007fb03952f360 00007fb03d9071f8
0x00000001284b9500:   00000001284b9950 000000010cbc1238
0x00000001284b9510:   00000001284b9940 726f7fff00000001
0x00000001284b9520:   7370696c63652f67 2f797474656a2f65
0x00000001284b9530:   7475462f6c697475 626c6c6143657275
0x00000001284b9540:   73616c632e6b6361 00000000ffff0073
0x00000001284b9550:   0000000000000000 0000003800000000
0x00000001284b9560:   0000000000000001 000000010da0ab58
0x00000001284b9570:   ffffffc800000000 0000000000000001
0x00000001284b9580:   00007fb0395140dc 0000000000000038
0x00000001284b9590:   0000000000000001 0000000000000001
0x00000001284b95a0:   0000000000000000 0000000000000000
0x00000001284b95b0:   0000000000000000 0000000100000000
0x00000001284b95c0:   00000001284b9d48 0000000000000002
0x00000001284b95d0:   00000001284b9a20 0000000000000000
0x00000001284b95e0:   0000000000000000 0000000000000038
0x00000001284b95f0:   00000038284b9d38 00000001284b9fe0
0x00000001284b9600:   00007fff77e286b8 00000000ffffffff
0x00000001284b9610:   0000000000000000 0000000000000000
0x00000001284b9620:   00000005284b9d60 5800000000000000
0x00000001284b9630:   0000000077e286b8 0000000000000000 

Instructions: (pc=0x000000010cbc1e92)
0x000000010cbc1e72:   49 8b 7f 38 e8 5b 1b 00 00 4d 89 77 38 49 89 5f
0x000000010cbc1e82:   40 4c 89 f0 48 85 c0 0f 84 11 05 00 00 48 89 c3
0x000000010cbc1e92:   0f b6 43 0c 0f b6 4b 0d 48 c1 e1 08 48 01 c1 0f
0x000000010cbc1ea2:   b6 43 0e 0f b6 53 0f 48 c1 e2 08 48 01 c2 48 c1 

Register to memory mapping:

RAX=0x00007fb03952f360 is an unknown value
RBX=0x00000001265ca2eb is an unknown value
RCX=0x0000000000000001 is an unknown value
RDX=0x0000000000000f08 is an unknown value
RSP=0x00000001284b9440 is pointing into the stack for thread: 0x00007fb03d907000
RBP=0x00000001284b94a0 is pointing into the stack for thread: 0x00007fb03d907000
RSI=0x00007fb03b900000 is an unknown value
RDI=0x000000010c946e00 is an unknown value
R8 =0x0000000000000004 is an unknown value
R9 =0x00000000ffff8000 is an unknown value
R10=0x000000010e4ba4d8 is at entry_point+88 in (nmethod*)0x000000010e4ba310
R11=0xfffffff9920a28f6 is an unknown value
R12=0x000000012646d000 is an unknown value
R13=0x000000000002dc60 is an unknown value
R14=0x000000009ac6435b is an unknown value
R15=0x00007fb03b8dc2c0 is an unknown value


Stack: [0x00000001283bc000,0x00000001284bc000],  sp=0x00000001284b9440,  free space=1013k
Native frames: (J=compiled Java code, j=interpreted, Vv=VM code, C=native code)
C  [libzip.dylib+0x2e92]  newEntry+0x154
C  [libzip.dylib+0x352d]  ZIP_GetEntry2+0xd4
C  [libzip.dylib+0x2238]  Java_java_util_zip_ZipFile_getEntry+0xcf
J 83  java.util.zip.ZipFile.getEntry(J[BZ)J (0 bytes) @ 0x000000010e4ba54e [0x000000010e4ba480+0xce]
J 1559 C2 sun.misc.URLClassPath$JarLoader.getResource(Ljava/lang/String;Z)Lsun/misc/Resource; (85 bytes) @ 0x000000010e890a64 [0x000000010e890520+0x544]
J 1513 C2 java.net.URLClassLoader$1.run()Ljava/lang/Object; (5 bytes) @ 0x000000010e9c167c [0x000000010e9c10e0+0x59c]
v  ~StubRoutines::call_stub
V  [libjvm.dylib+0x2ea39e]
V  [libjvm.dylib+0x34a8c8]
J 238  java.security.AccessController.doPrivileged(Ljava/security/PrivilegedExceptionAction;Ljava/security/AccessControlContext;)Ljava/lang/Object; (0 bytes) @ 0x000000010e5187d5 [0x000000010e518700+0xd5]
J 1512 C2 java.net.URLClassLoader.findClass(Ljava/lang/String;)Ljava/lang/Class; (47 bytes) @ 0x000000010e86367c [0x000000010e8635e0+0x9c]
J 1590 C1 java.lang.ClassLoader.loadClass(Ljava/lang/String;Z)Ljava/lang/Class; (122 bytes) @ 0x000000010e89bccc [0x000000010e89b300+0x9cc]
J 201 C1 sun.misc.Launcher$AppClassLoader.loadClass(Ljava/lang/String;Z)Ljava/lang/Class; (85 bytes) @ 0x000000010e5012a4 [0x000000010e500900+0x9a4]
J 200 C1 java.lang.ClassLoader.loadClass(Ljava/lang/String;)Ljava/lang/Class; (7 bytes) @ 0x000000010e4fe544 [0x000000010e4fe440+0x104]
v  ~StubRoutines::call_stub
V  [libjvm.dylib+0x2ea39e]
V  [libjvm.dylib+0x2eab2c]
V  [libjvm.dylib+0x2eac84]
V  [libjvm.dylib+0x533170]
V  [libjvm.dylib+0x532909]
V  [libjvm.dylib+0x53338c]
V  [libjvm.dylib+0x533a09]
V  [libjvm.dylib+0x1e0906]
V  [libjvm.dylib+0x1f0bca]
V  [libjvm.dylib+0x2e5d7b]
j  org.eclipse.jetty.server.AbstractConnector.shutdown()Ljava/util/concurrent/Future;+0
j  org.eclipse.jetty.server.AbstractNetworkConnector.shutdown()Ljava/util/concurrent/Future;+5
j  org.eclipse.jetty.server.ServerConnector.shutdown()Ljava/util/concurrent/Future;+1
j  org.eclipse.jetty.server.Server.doStop()V+60
j  org.eclipse.jetty.util.component.AbstractLifeCycle.stop()V+30
j  org.eclipse.jetty.util.thread.ShutdownThread.run()V+41
v  ~StubRoutines::call_stub
V  [libjvm.dylib+0x2ea39e]
V  [libjvm.dylib+0x2eab2c]
V  [libjvm.dylib+0x2eacd8]
V  [libjvm.dylib+0x345255]
V  [libjvm.dylib+0x560e03]
V  [libjvm.dylib+0x5624fe]
V  [libjvm.dylib+0x482eda]
C  [libsystem_pthread.dylib+0x405a]  _pthread_body+0x83
C  [libsystem_pthread.dylib+0x3fd7]  _pthread_body+0x0
C  [libsystem_pthread.dylib+0x13ed]  thread_start+0xd
C  0x0000000000000000

Java frames: (J=compiled Java code, j=interpreted, Vv=VM code)
J 83  java.util.zip.ZipFile.getEntry(J[BZ)J (0 bytes) @ 0x000000010e4ba4d8 [0x000000010e4ba480+0x58]
J 1559 C2 sun.misc.URLClassPath$JarLoader.getResource(Ljava/lang/String;Z)Lsun/misc/Resource; (85 bytes) @ 0x000000010e890a64 [0x000000010e890520+0x544]
J 1513 C2 java.net.URLClassLoader$1.run()Ljava/lang/Object; (5 bytes) @ 0x000000010e9c167c [0x000000010e9c10e0+0x59c]
v  ~StubRoutines::call_stub
J 238  java.security.AccessController.doPrivileged(Ljava/security/PrivilegedExceptionAction;Ljava/security/AccessControlContext;)Ljava/lang/Object; (0 bytes) @ 0x000000010e518763 [0x000000010e518700+0x63]
J 1512 C2 java.net.URLClassLoader.findClass(Ljava/lang/String;)Ljava/lang/Class; (47 bytes) @ 0x000000010e86367c [0x000000010e8635e0+0x9c]
J 1590 C1 java.lang.ClassLoader.loadClass(Ljava/lang/String;Z)Ljava/lang/Class; (122 bytes) @ 0x000000010e89bccc [0x000000010e89b300+0x9cc]
J 201 C1 sun.misc.Launcher$AppClassLoader.loadClass(Ljava/lang/String;Z)Ljava/lang/Class; (85 bytes) @ 0x000000010e5012a4 [0x000000010e500900+0x9a4]
J 200 C1 java.lang.ClassLoader.loadClass(Ljava/lang/String;)Ljava/lang/Class; (7 bytes) @ 0x000000010e4fe544 [0x000000010e4fe440+0x104]
v  ~StubRoutines::call_stub
j  org.eclipse.jetty.server.AbstractConnector.shutdown()Ljava/util/concurrent/Future;+0
j  org.eclipse.jetty.server.AbstractNetworkConnector.shutdown()Ljava/util/concurrent/Future;+5
j  org.eclipse.jetty.server.ServerConnector.shutdown()Ljava/util/concurrent/Future;+1
j  org.eclipse.jetty.server.Server.doStop()V+60
j  org.eclipse.jetty.util.component.AbstractLifeCycle.stop()V+30
j  org.eclipse.jetty.util.thread.ShutdownThread.run()V+41
v  ~StubRoutines::call_stub

---------------  P R O C E S S  ---------------

Java Threads: ( => current thread )
=>0x00007fb03d907000 JavaThread "Thread-12" [_thread_in_native, id=20231, stack(0x00000001283bc000,0x00000001284bc000)]
  0x00007fb03c47f800 JavaThread "SIGINT handler" daemon [_thread_blocked, id=13091, stack(0x00000001243f3000,0x00000001244f3000)]
  0x00007fb03d905800 JavaThread "dw-admin-44" [_thread_blocked, id=28955, stack(0x0000000127867000,0x0000000127967000)]
  0x00007fb03c4e5000 JavaThread "Scheduler-66845334" [_thread_blocked, id=12299, stack(0x0000000126684000,0x0000000126784000)]
  0x00007fb03b734000 JavaThread "DestroyJavaVM" [_thread_blocked, id=3847, stack(0x000000010ca70000,0x000000010cb70000)]
  0x00007fb03b2c4000 JavaThread "dw-admin-29-acceptor-1@f44a097-admin@1c12f3ee{HTTP/1.1}{0.0.0.0:8081}" [_thread_blocked, id=28419, stack(0x000000012a254000,0x000000012a354000)]
  0x00007fb03a2c8000 JavaThread "dw-admin-28-acceptor-0@4d7cc5e8-admin@1c12f3ee{HTTP/1.1}{0.0.0.0:8081}" [_thread_in_native, id=27907, stack(0x000000012a151000,0x000000012a251000)]
  0x00007fb03a265000 JavaThread "dw-admin-27-selector-ServerConnectorManager@7645a37a/3" [_thread_in_native, id=27395, stack(0x000000012a04e000,0x000000012a14e000)]
  0x00007fb03a77f000 JavaThread "dw-admin-26-selector-ServerConnectorManager@7645a37a/2" [_thread_in_native, id=26375, stack(0x0000000129e48000,0x0000000129f48000)]
  0x00007fb039f4a800 JavaThread "dw-admin-25-selector-ServerConnectorManager@7645a37a/1" [_thread_in_native, id=26883, stack(0x0000000129f4b000,0x000000012a04b000)]
  0x00007fb03a247800 JavaThread "dw-admin-23-selector-ServerConnectorManager@7645a37a/0" [_thread_in_native, id=25863, stack(0x0000000129292000,0x0000000129392000)]
  0x00007fb03aa96000 JavaThread "dw-20" [_thread_blocked, id=25347, stack(0x0000000128f64000,0x0000000129064000)]
  0x00007fb03ade3800 JavaThread "dw-19" [_thread_blocked, id=24835, stack(0x0000000128e61000,0x0000000128f61000)]
  0x00007fb03a247000 JavaThread "dw-18" [_thread_blocked, id=24323, stack(0x0000000128d5e000,0x0000000128e5e000)]
  0x00007fb03ad8b800 JavaThread "dw-17" [_thread_blocked, id=23811, stack(0x0000000128c5b000,0x0000000128d5b000)]
  0x00007fb03a29c800 JavaThread "dw-16-selector-ServerConnectorManager@7f379504/3" [_thread_in_native, id=23299, stack(0x0000000128b58000,0x0000000128c58000)]
  0x00007fb03ae0d000 JavaThread "dw-15-selector-ServerConnectorManager@7f379504/2" [_thread_in_native, id=22787, stack(0x00000001285d7000,0x00000001286d7000)]
  0x00007fb03a29b800 JavaThread "dw-14-selector-ServerConnectorManager@7f379504/1" [_thread_in_native, id=22275, stack(0x0000000128029000,0x0000000128129000)]
  0x00007fb03b2c0000 JavaThread "dw-13-selector-ServerConnectorManager@7f379504/0" [_thread_in_native, id=21763, stack(0x0000000127dbc000,0x0000000127ebc000)]
  0x00007fb039bee000 JavaThread "AsyncAppender-Worker-async-console-appender" daemon [_thread_blocked, id=21511, stack(0x0000000127764000,0x0000000127864000)]
  0x00007fb03ad51800 JavaThread "Tomcat JDBC Pool Cleaner[621009875:1459609130090]" daemon [_thread_blocked, id=19715, stack(0x0000000127a5a000,0x0000000127b5a000)]
  0x00007fb03aa6d000 JavaThread "AsyncAppender-Worker-async-console-appender" daemon [_thread_blocked, id=19203, stack(0x000000012710e000,0x000000012720e000)]
  0x00007fb039878800 JavaThread "Service Thread" daemon [_thread_blocked, id=18179, stack(0x00000001260d9000,0x00000001261d9000)]
  0x00007fb03a852000 JavaThread "C1 CompilerThread2" daemon [_thread_blocked, id=17667, stack(0x0000000125fd6000,0x00000001260d6000)]
  0x00007fb03a821000 JavaThread "C2 CompilerThread1" daemon [_thread_blocked, id=17155, stack(0x0000000125ed3000,0x0000000125fd3000)]
  0x00007fb03a850800 JavaThread "C2 CompilerThread0" daemon [_thread_blocked, id=16643, stack(0x0000000125dd0000,0x0000000125ed0000)]
  0x00007fb03a820000 JavaThread "Signal Dispatcher" daemon [_thread_blocked, id=12563, stack(0x0000000125ccd000,0x0000000125dcd000)]
  0x00007fb039861000 JavaThread "Finalizer" daemon [_thread_blocked, id=11523, stack(0x00000001242b4000,0x00000001243b4000)]
  0x00007fb03980b800 JavaThread "Reference Handler" daemon [_thread_blocked, id=11011, stack(0x00000001241b1000,0x00000001242b1000)]

Other Threads:
  0x00007fb03b002800 VMThread [stack: 0x00000001240ae000,0x00000001241ae000] [id=10499]
  0x00007fb03980c800 WatcherThread [stack: 0x00000001261dc000,0x00000001262dc000] [id=18691]

VM state:not at safepoint (normal execution)

VM Mutex/Monitor currently owned by a thread: None

Heap:
 PSYoungGen      total 97792K, used 20912K [0x0000000795580000, 0x000000079e180000, 0x00000007c0000000)
  eden space 92672K, 17% used [0x0000000795580000,0x00000007964edff8,0x000000079b000000)
  from space 5120K, 99% used [0x000000079dc80000,0x000000079e17e088,0x000000079e180000)
  to   space 5120K, 0% used [0x000000079d780000,0x000000079d780000,0x000000079dc80000)
 ParOldGen       total 65536K, used 15325K [0x0000000740000000, 0x0000000744000000, 0x0000000795580000)
  object space 65536K, 23% used [0x0000000740000000,0x0000000740ef75a0,0x0000000744000000)
 Metaspace       used 31849K, capacity 32186K, committed 32560K, reserved 1077248K
  class space    used 4241K, capacity 4320K, committed 4400K, reserved 1048576K

Card table byte_map: [0x000000011d74f000,0x000000011db50000] byte_map_base: 0x0000000119d4f000

Marking Bits: (ParMarkBitMap*) 0x000000010dce3ea0
 Begin Bits: [0x000000011e207000, 0x0000000120207000)
 End Bits:   [0x0000000120207000, 0x0000000122207000)

Polling page: 0x000000010cbb5000

CodeCache: size=245760Kb used=6982Kb max_used=6982Kb free=238777Kb
 bounds [0x000000010e38f000, 0x000000010ea6f000, 0x000000011d38f000]
 total_blobs=2662 nmethods=2189 adapters=386
 compilation: enabled

Compilation events (10 events):
Event: 321,666 Thread 0x00007fb03a852000 2185       3       java.util.TaskQueue::isEmpty (13 bytes)
Event: 321,667 Thread 0x00007fb03a852000 nmethod 2185 0x000000010ea62290 code [0x000000010ea62400, 0x000000010ea625b0]
Event: 416,668 Thread 0x00007fb03a852000 2186       1       org.apache.tomcat.jdbc.pool.ConnectionPool::isClosed (5 bytes)
Event: 416,668 Thread 0x00007fb03a852000 nmethod 2186 0x000000010ea62610 code [0x000000010ea62760, 0x000000010ea62870]
Event: 602,901 Thread 0x00007fb03a852000 2187       3       org.eclipse.jetty.util.component.AbstractLifeCycle::isRunning (21 bytes)
Event: 602,902 Thread 0x00007fb03a852000 nmethod 2187 0x000000010ea628d0 code [0x000000010ea62a40, 0x000000010ea62c30]
Event: 636,660 Thread 0x00007fb03a852000 2188       3       java.util.TaskQueue::getMin (7 bytes)
Event: 636,661 Thread 0x00007fb03a852000 nmethod 2188 0x000000010ea62cd0 code [0x000000010ea62e40, 0x000000010ea62fd0]
Event: 737,303 Thread 0x00007fb03a852000 2189  s    3       java.util.Hashtable::containsKey (65 bytes)
Event: 737,305 Thread 0x00007fb03a852000 nmethod 2189 0x000000010ea63090 code [0x000000010ea63240, 0x000000010ea63878]

GC Heap History (10 events):
Event: 0,754 GC heap before
{Heap before GC invocations=1 (full 0):
 PSYoungGen      total 38400K, used 33280K [0x0000000795580000, 0x0000000798000000, 0x00000007c0000000)
  eden space 33280K, 100% used [0x0000000795580000,0x0000000797600000,0x0000000797600000)
  from space 5120K, 0% used [0x0000000797b00000,0x0000000797b00000,0x0000000798000000)
  to   space 5120K, 0% used [0x0000000797600000,0x0000000797600000,0x0000000797b00000)
 ParOldGen       total 87552K, used 0K [0x0000000740000000, 0x0000000745580000, 0x0000000795580000)
  object space 87552K, 0% used [0x0000000740000000,0x0000000740000000,0x0000000745580000)
 Metaspace       used 12263K, capacity 12388K, committed 12544K, reserved 1060864K
  class space    used 1517K, capacity 1527K, committed 1536K, reserved 1048576K
Event: 0,763 GC heap after
Heap after GC invocations=1 (full 0):
 PSYoungGen      total 38400K, used 5119K [0x0000000795580000, 0x000000079a080000, 0x00000007c0000000)
  eden space 33280K, 0% used [0x0000000795580000,0x0000000795580000,0x0000000797600000)
  from space 5120K, 99% used [0x0000000797600000,0x0000000797affd60,0x0000000797b00000)
  to   space 5120K, 0% used [0x0000000799b80000,0x0000000799b80000,0x000000079a080000)
 ParOldGen       total 87552K, used 2701K [0x0000000740000000, 0x0000000745580000, 0x0000000795580000)
  object space 87552K, 3% used [0x0000000740000000,0x00000007402a3488,0x0000000745580000)
 Metaspace       used 12263K, capacity 12388K, committed 12544K, reserved 1060864K
  class space    used 1517K, capacity 1527K, committed 1536K, reserved 1048576K
}
Event: 1,344 GC heap before
{Heap before GC invocations=2 (full 0):
 PSYoungGen      total 38400K, used 38399K [0x0000000795580000, 0x000000079a080000, 0x00000007c0000000)
  eden space 33280K, 100% used [0x0000000795580000,0x0000000797600000,0x0000000797600000)
  from space 5120K, 99% used [0x0000000797600000,0x0000000797affd60,0x0000000797b00000)
  to   space 5120K, 0% used [0x0000000799b80000,0x0000000799b80000,0x000000079a080000)
 ParOldGen       total 87552K, used 2701K [0x0000000740000000, 0x0000000745580000, 0x0000000795580000)
  object space 87552K, 3% used [0x0000000740000000,0x00000007402a3488,0x0000000745580000)
 Metaspace       used 16223K, capacity 16436K, committed 16768K, reserved 1064960K
  class space    used 2027K, capacity 2063K, committed 2176K, reserved 1048576K
Event: 1,356 GC heap after
Heap after GC invocations=2 (full 0):
 PSYoungGen      total 71680K, used 5104K [0x0000000795580000, 0x000000079a080000, 0x00000007c0000000)
  eden space 66560K, 0% used [0x0000000795580000,0x0000000795580000,0x0000000799680000)
  from space 5120K, 99% used [0x0000000799b80000,0x000000079a07c010,0x000000079a080000)
  to   space 5120K, 0% used [0x0000000799680000,0x0000000799680000,0x0000000799b80000)
 ParOldGen       total 87552K, used 5446K [0x0000000740000000, 0x0000000745580000, 0x0000000795580000)
  object space 87552K, 6% used [0x0000000740000000,0x0000000740551b48,0x0000000745580000)
 Metaspace       used 16223K, capacity 16436K, committed 16768K, reserved 1064960K
  class space    used 2027K, capacity 2063K, committed 2176K, reserved 1048576K
}
Event: 1,751 GC heap before
{Heap before GC invocations=3 (full 0):
 PSYoungGen      total 71680K, used 26929K [0x0000000795580000, 0x000000079a080000, 0x00000007c0000000)
  eden space 66560K, 32% used [0x0000000795580000,0x0000000796ad0748,0x0000000799680000)
  from space 5120K, 99% used [0x0000000799b80000,0x000000079a07c010,0x000000079a080000)
  to   space 5120K, 0% used [0x0000000799680000,0x0000000799680000,0x0000000799b80000)
 ParOldGen       total 87552K, used 5446K [0x0000000740000000, 0x0000000745580000, 0x0000000795580000)
  object space 87552K, 6% used [0x0000000740000000,0x0000000740551b48,0x0000000745580000)
 Metaspace       used 21025K, capacity 21242K, committed 21296K, reserved 1067008K
  class space    used 2769K, capacity 2832K, committed 2864K, reserved 1048576K
Event: 1,766 GC heap after
Heap after GC invocations=3 (full 0):
 PSYoungGen      total 71680K, used 5104K [0x0000000795580000, 0x000000079e180000, 0x00000007c0000000)
  eden space 66560K, 0% used [0x0000000795580000,0x0000000795580000,0x0000000799680000)
  from space 5120K, 99% used [0x0000000799680000,0x0000000799b7c040,0x0000000799b80000)
  to   space 5120K, 0% used [0x000000079dc80000,0x000000079dc80000,0x000000079e180000)
 ParOldGen       total 87552K, used 9693K [0x0000000740000000, 0x0000000745580000, 0x0000000795580000)
  object space 87552K, 11% used [0x0000000740000000,0x0000000740977550,0x0000000745580000)
 Metaspace       used 21025K, capacity 21242K, committed 21296K, reserved 1067008K
  class space    used 2769K, capacity 2832K, committed 2864K, reserved 1048576K
}
Event: 1,766 GC heap before
{Heap before GC invocations=4 (full 1):
 PSYoungGen      total 71680K, used 5104K [0x0000000795580000, 0x000000079e180000, 0x00000007c0000000)
  eden space 66560K, 0% used [0x0000000795580000,0x0000000795580000,0x0000000799680000)
  from space 5120K, 99% used [0x0000000799680000,0x0000000799b7c040,0x0000000799b80000)
  to   space 5120K, 0% used [0x000000079dc80000,0x000000079dc80000,0x000000079e180000)
 ParOldGen       total 87552K, used 9693K [0x0000000740000000, 0x0000000745580000, 0x0000000795580000)
  object space 87552K, 11% used [0x0000000740000000,0x0000000740977550,0x0000000745580000)
 Metaspace       used 21025K, capacity 21242K, committed 21296K, reserved 1067008K
  class space    used 2769K, capacity 2832K, committed 2864K, reserved 1048576K
Event: 1,815 GC heap after
Heap after GC invocations=4 (full 1):
 PSYoungGen      total 71680K, used 0K [0x0000000795580000, 0x000000079e180000, 0x00000007c0000000)
  eden space 66560K, 0% used [0x0000000795580000,0x0000000795580000,0x0000000799680000)
  from space 5120K, 0% used [0x0000000799680000,0x0000000799680000,0x0000000799b80000)
  to   space 5120K, 0% used [0x000000079dc80000,0x000000079dc80000,0x000000079e180000)
 ParOldGen       total 65536K, used 9141K [0x0000000740000000, 0x0000000744000000, 0x0000000795580000)
  object space 65536K, 13% used [0x0000000740000000,0x00000007408ed520,0x0000000744000000)
 Metaspace       used 21025K, capacity 21242K, committed 21296K, reserved 1067008K
  class space    used 2769K, capacity 2832K, committed 2864K, reserved 1048576K
}
Event: 8,861 GC heap before
{Heap before GC invocations=5 (full 1):
 PSYoungGen      total 71680K, used 66560K [0x0000000795580000, 0x000000079e180000, 0x00000007c0000000)
  eden space 66560K, 100% used [0x0000000795580000,0x0000000799680000,0x0000000799680000)
  from space 5120K, 0% used [0x0000000799680000,0x0000000799680000,0x0000000799b80000)
  to   space 5120K, 0% used [0x000000079dc80000,0x000000079dc80000,0x000000079e180000)
 ParOldGen       total 65536K, used 9141K [0x0000000740000000, 0x0000000744000000, 0x0000000795580000)
  object space 65536K, 13% used [0x0000000740000000,0x00000007408ed520,0x0000000744000000)
 Metaspace       used 30636K, capacity 30938K, committed 31152K, reserved 1077248K
  class space    used 4083K, capacity 4160K, committed 4272K, reserved 1048576K
Event: 8,882 GC heap after
Heap after GC invocations=5 (full 1):
 PSYoungGen      total 97792K, used 5112K [0x0000000795580000, 0x000000079e180000, 0x00000007c0000000)
  eden space 92672K, 0% used [0x0000000795580000,0x0000000795580000,0x000000079b000000)
  from space 5120K, 99% used [0x000000079dc80000,0x000000079e17e088,0x000000079e180000)
  to   space 5120K, 0% used [0x000000079d780000,0x000000079d780000,0x000000079dc80000)
 ParOldGen       total 65536K, used 15325K [0x0000000740000000, 0x0000000744000000, 0x0000000795580000)
  object space 65536K, 23% used [0x0000000740000000,0x0000000740ef75a0,0x0000000744000000)
 Metaspace       used 30636K, capacity 30938K, committed 31152K, reserved 1077248K
  class space    used 4083K, capacity 4160K, committed 4272K, reserved 1048576K
}

Deoptimization events (10 events):
Event: 2,379 Thread 0x00007fb03a807800 Uncommon trap: reason=bimorphic action=maybe_recompile pc=0x000000010e8c9d70 method=java.util.AbstractCollection.addAll(Ljava/util/Collection;)Z @ 29
Event: 2,403 Thread 0x00007fb03a807800 Uncommon trap: reason=bimorphic action=maybe_recompile pc=0x000000010e8c9d70 method=java.util.AbstractCollection.addAll(Ljava/util/Collection;)Z @ 29
Event: 2,407 Thread 0x00007fb03a807800 Uncommon trap: reason=bimorphic action=maybe_recompile pc=0x000000010e8c9d70 method=java.util.AbstractCollection.addAll(Ljava/util/Collection;)Z @ 29
Event: 2,437 Thread 0x00007fb03a807800 Uncommon trap: reason=bimorphic action=maybe_recompile pc=0x000000010e8c9d70 method=java.util.AbstractCollection.addAll(Ljava/util/Collection;)Z @ 29
Event: 2,486 Thread 0x00007fb03a807800 Uncommon trap: reason=unstable_if action=reinterpret pc=0x000000010e8dc80c method=java.util.Properties.loadConvert([CII[C)Ljava/lang/String; @ 57
Event: 2,660 Thread 0x00007fb03a807800 Uncommon trap: reason=unstable_if action=reinterpret pc=0x000000010e67a014 method=java.util.concurrent.ConcurrentHashMap.putVal(Ljava/lang/Object;Ljava/lang/Object;Z)Ljava/lang/Object; @ 331
Event: 8,800 Thread 0x00007fb03ade3800 Uncommon trap: reason=unstable_if action=reinterpret pc=0x000000010e6194e0 method=java.lang.CharacterDataLatin1.isWhitespace(I)Z @ 14
Event: 8,846 Thread 0x00007fb03ade3800 Uncommon trap: reason=unstable_if action=reinterpret pc=0x000000010e8175b4 method=java.util.regex.Pattern$BmpCharProperty.match(Ljava/util/regex/Matcher;ILjava/lang/CharSequence;)Z @ 5
Event: 9,051 Thread 0x00007fb03ade3800 Uncommon trap: reason=unstable_if action=reinterpret pc=0x000000010e9e33a8 method=java.util.concurrent.ConcurrentHashMap.get(Ljava/lang/Object;)Ljava/lang/Object; @ 99
Event: 9,057 Thread 0x00007fb03b2c0000 Uncommon trap: reason=unstable_if action=reinterpret pc=0x000000010e8b9ed0 method=java.util.HashMap$HashIterator.<init>(Ljava/util/HashMap;)V @ 45

Internal exceptions (10 events):
Event: 0,940 Thread 0x00007fb03a807800 Exception <a 'java/lang/ArrayIndexOutOfBoundsException': 56> (0x0000000795e63c50) thrown at [/Users/java_re/workspace/8-2-build-macosx-x86_64/jdk8u77/6540/hotspot/src/share/vm/interpreter/interpreterRuntime.cpp, line 366]
Event: 0,942 Thread 0x00007fb03a807800 Exception <a 'java/lang/ArrayIndexOutOfBoundsException': 56> (0x0000000795e6ad60) thrown at [/Users/java_re/workspace/8-2-build-macosx-x86_64/jdk8u77/6540/hotspot/src/share/vm/interpreter/interpreterRuntime.cpp, line 366]
Event: 0,943 Thread 0x00007fb03a807800 Exception <a 'java/lang/ArrayIndexOutOfBoundsException': 62> (0x0000000795e6be90) thrown at [/Users/java_re/workspace/8-2-build-macosx-x86_64/jdk8u77/6540/hotspot/src/share/vm/interpreter/interpreterRuntime.cpp, line 366]
Event: 1,029 Thread 0x00007fb03a807800 Implicit null exception at 0x000000010e5e53f5 to 0x000000010e5e5761
Event: 1,029 Thread 0x00007fb03a807800 Implicit null exception at 0x000000010e582f75 to 0x000000010e5832d5
Event: 1,858 Thread 0x00007fb03a807800 Exception <a 'java/lang/NullPointerException'> (0x000000079574a4a8) thrown at [/Users/java_re/workspace/8-2-build-macosx-x86_64/jdk8u77/6540/hotspot/src/share/vm/runtime/reflection.cpp, line 922]
Event: 8,715 Thread 0x00007fb03ad8b800 Exception <a 'java/lang/NoSuchFieldError': method resolution failed> (0x00000007990e8040) thrown at [/Users/java_re/workspace/8-2-build-macosx-x86_64/jdk8u77/6540/hotspot/src/share/vm/prims/methodHandles.cpp, line 1146]
Event: 8,717 Thread 0x00007fb03ad8b800 Exception <a 'java/lang/NoSuchFieldError': method resolution failed> (0x00000007990f5700) thrown at [/Users/java_re/workspace/8-2-build-macosx-x86_64/jdk8u77/6540/hotspot/src/share/vm/prims/methodHandles.cpp, line 1146]
Event: 8,958 Thread 0x00007fb03ade3800 Exception <a 'java/lang/reflect/InvocationTargetException'> (0x00000007958ecc48) thrown at [/Users/java_re/workspace/8-2-build-macosx-x86_64/jdk8u77/6540/hotspot/src/share/vm/runtime/reflection.cpp, line 1092]
Event: 737,304 Thread 0x00007fb03a247000 Exception <a 'java/io/IOException'> (0x000000079644efd0) thrown at [/Users/java_re/workspace/8-2-build-macosx-x86_64/jdk8u77/6540/hotspot/src/share/vm/prims/jni.cpp, line 709]

Events (10 events):
Event: 737,295 loading class sun/misc/Signal$1
Event: 737,297 loading class sun/misc/Signal$1 done
Event: 737,298 Thread 0x00007fb03c47f800 Thread added: 0x00007fb03c47f800
Event: 737,299 Thread 0x00007fb03d906000 Thread added: 0x00007fb03d906000
Event: 737,299 Thread 0x00007fb03d907000 Thread added: 0x00007fb03d907000
Event: 737,302 Thread 0x00007fb03d906000 Thread exited: 0x00007fb03d906000
Event: 737,304 loading class java/nio/channels/AsynchronousCloseException
Event: 737,305 loading class java/nio/channels/AsynchronousCloseException done
Event: 737,305 loading class org/eclipse/jetty/util/FutureCallback
Event: 737,305 loading class org/eclipse/jetty/util/FutureCallback done


Dynamic libraries:
0x000000000594f000 	/System/Library/Frameworks/Cocoa.framework/Versions/A/Cocoa
0x000000000594f000 	/System/Library/Frameworks/Security.framework/Versions/A/Security
0x000000000594f000 	/System/Library/Frameworks/ApplicationServices.framework/Versions/A/ApplicationServices
0x000000000594f000 	/usr/lib/libz.1.dylib
0x000000000594f000 	/usr/lib/libSystem.B.dylib
0x000000000594f000 	/usr/lib/libobjc.A.dylib
0x000000000594f000 	/System/Library/Frameworks/CoreFoundation.framework/Versions/A/CoreFoundation
0x000000000594f000 	/System/Library/Frameworks/Foundation.framework/Versions/C/Foundation
0x000000000594f000 	/System/Library/Frameworks/AppKit.framework/Versions/C/AppKit
0x000000000594f000 	/System/Library/Frameworks/CoreData.framework/Versions/A/CoreData
0x000000000594f000 	/System/Library/PrivateFrameworks/RemoteViewServices.framework/Versions/A/RemoteViewServices
0x000000000594f000 	/System/Library/PrivateFrameworks/UIFoundation.framework/Versions/A/UIFoundation
0x000000000594f000 	/System/Library/Frameworks/IOSurface.framework/Versions/A/IOSurface
0x000000000594f000 	/System/Library/Frameworks/AudioToolbox.framework/Versions/A/AudioToolbox
0x000000000594f000 	/System/Library/Frameworks/AudioUnit.framework/Versions/A/AudioUnit
0x000000000594f000 	/System/Library/PrivateFrameworks/DataDetectorsCore.framework/Versions/A/DataDetectorsCore
0x000000000594f000 	/System/Library/PrivateFrameworks/DesktopServicesPriv.framework/Versions/A/DesktopServicesPriv
0x000000000594f000 	/System/Library/Frameworks/Carbon.framework/Versions/A/Frameworks/HIToolbox.framework/Versions/A/HIToolbox
0x000000000594f000 	/System/Library/Frameworks/QuartzCore.framework/Versions/A/QuartzCore
0x000000000594f000 	/System/Library/Frameworks/Carbon.framework/Versions/A/Frameworks/SpeechRecognition.framework/Versions/A/SpeechRecognition
0x000000000594f000 	/usr/lib/libauto.dylib
0x000000000594f000 	/usr/lib/libicucore.A.dylib
0x000000000594f000 	/usr/lib/libxml2.2.dylib
0x000000000594f000 	/System/Library/PrivateFrameworks/CoreUI.framework/Versions/A/CoreUI
0x000000000594f000 	/System/Library/Frameworks/CoreAudio.framework/Versions/A/CoreAudio
0x000000000594f000 	/System/Library/Frameworks/DiskArbitration.framework/Versions/A/DiskArbitration
0x000000000594f000 	/usr/lib/liblangid.dylib
0x000000000594f000 	/System/Library/PrivateFrameworks/MultitouchSupport.framework/Versions/A/MultitouchSupport
0x000000000594f000 	/System/Library/Frameworks/IOKit.framework/Versions/A/IOKit
0x000000000594f000 	/usr/lib/libDiagnosticMessagesClient.dylib
0x000000000594f000 	/System/Library/Frameworks/CoreServices.framework/Versions/A/CoreServices
0x000000000594f000 	/System/Library/PrivateFrameworks/PerformanceAnalysis.framework/Versions/A/PerformanceAnalysis
0x000000000594f000 	/System/Library/PrivateFrameworks/GenerationalStorage.framework/Versions/A/GenerationalStorage
0x000000000594f000 	/System/Library/Frameworks/OpenGL.framework/Versions/A/OpenGL
0x000000000594f000 	/System/Library/PrivateFrameworks/Sharing.framework/Versions/A/Sharing
0x000000000594f000 	/System/Library/Frameworks/CoreGraphics.framework/Versions/A/CoreGraphics
0x000000000594f000 	/System/Library/Frameworks/CoreText.framework/Versions/A/CoreText
0x000000000594f000 	/System/Library/Frameworks/ImageIO.framework/Versions/A/ImageIO
0x000000000594f000 	/usr/lib/libextension.dylib
0x000000000594f000 	/System/Library/PrivateFrameworks/Backup.framework/Versions/A/Backup
0x000000000594f000 	/usr/lib/libarchive.2.dylib
0x000000000594f000 	/System/Library/Frameworks/CFNetwork.framework/Versions/A/CFNetwork
0x000000000594f000 	/System/Library/Frameworks/SystemConfiguration.framework/Versions/A/SystemConfiguration
0x000000000594f000 	/usr/lib/libCRFSuite.dylib
0x000000000594f000 	/usr/lib/libc++.1.dylib
0x000000000594f000 	/usr/lib/libc++abi.dylib
0x000000000594f000 	/usr/lib/system/libcache.dylib
0x000000000594f000 	/usr/lib/system/libcommonCrypto.dylib
0x000000000594f000 	/usr/lib/system/libcompiler_rt.dylib
0x000000000594f000 	/usr/lib/system/libcopyfile.dylib
0x000000000594f000 	/usr/lib/system/libcorecrypto.dylib
0x000000000594f000 	/usr/lib/system/libdispatch.dylib
0x000000000594f000 	/usr/lib/system/libdyld.dylib
0x000000000594f000 	/usr/lib/system/libkeymgr.dylib
0x000000000594f000 	/usr/lib/system/liblaunch.dylib
0x000000000594f000 	/usr/lib/system/libmacho.dylib
0x000000000594f000 	/usr/lib/system/libquarantine.dylib
0x000000000594f000 	/usr/lib/system/libremovefile.dylib
0x000000000594f000 	/usr/lib/system/libsystem_asl.dylib
0x000000000594f000 	/usr/lib/system/libsystem_blocks.dylib
0x000000000594f000 	/usr/lib/system/libsystem_c.dylib
0x000000000594f000 	/usr/lib/system/libsystem_configuration.dylib
0x000000000594f000 	/usr/lib/system/libsystem_coreservices.dylib
0x000000000594f000 	/usr/lib/system/libsystem_coretls.dylib
0x000000000594f000 	/usr/lib/system/libsystem_dnssd.dylib
0x000000000594f000 	/usr/lib/system/libsystem_info.dylib
0x000000000594f000 	/usr/lib/system/libsystem_kernel.dylib
0x000000000594f000 	/usr/lib/system/libsystem_m.dylib
0x000000000594f000 	/usr/lib/system/libsystem_malloc.dylib
0x000000000594f000 	/usr/lib/system/libsystem_network.dylib
0x000000000594f000 	/usr/lib/system/libsystem_networkextension.dylib
0x000000000594f000 	/usr/lib/system/libsystem_notify.dylib
0x000000000594f000 	/usr/lib/system/libsystem_platform.dylib
0x000000000594f000 	/usr/lib/system/libsystem_pthread.dylib
0x000000000594f000 	/usr/lib/system/libsystem_sandbox.dylib
0x000000000594f000 	/usr/lib/system/libsystem_secinit.dylib
0x000000000594f000 	/usr/lib/system/libsystem_stats.dylib
0x000000000594f000 	/usr/lib/system/libsystem_trace.dylib
0x000000000594f000 	/usr/lib/system/libunc.dylib
0x000000000594f000 	/usr/lib/system/libunwind.dylib
0x000000000594f000 	/usr/lib/system/libxpc.dylib
0x000000000594f000 	/usr/lib/libbz2.1.0.dylib
0x000000000594f000 	/usr/lib/liblzma.5.dylib
0x000000000594f000 	/usr/lib/libbsm.0.dylib
0x000000000594f000 	/usr/lib/libsqlite3.dylib
0x000000000594f000 	/usr/lib/system/libkxld.dylib
0x000000000594f000 	/usr/lib/libxar.1.dylib
0x000000000594f000 	/usr/lib/libpam.2.dylib
0x000000000594f000 	/usr/lib/libOpenScriptingUtil.dylib
0x000000000594f000 	/System/Library/Frameworks/CoreServices.framework/Versions/A/Frameworks/FSEvents.framework/Versions/A/FSEvents
0x000000000594f000 	/System/Library/Frameworks/CoreServices.framework/Versions/A/Frameworks/CarbonCore.framework/Versions/A/CarbonCore
0x000000000594f000 	/System/Library/Frameworks/CoreServices.framework/Versions/A/Frameworks/Metadata.framework/Versions/A/Metadata
0x000000000594f000 	/System/Library/Frameworks/CoreServices.framework/Versions/A/Frameworks/OSServices.framework/Versions/A/OSServices
0x000000000594f000 	/System/Library/Frameworks/CoreServices.framework/Versions/A/Frameworks/SearchKit.framework/Versions/A/SearchKit
0x000000000594f000 	/System/Library/Frameworks/CoreServices.framework/Versions/A/Frameworks/AE.framework/Versions/A/AE
0x000000000594f000 	/System/Library/Frameworks/CoreServices.framework/Versions/A/Frameworks/LaunchServices.framework/Versions/A/LaunchServices
0x000000000594f000 	/System/Library/Frameworks/CoreServices.framework/Versions/A/Frameworks/DictionaryServices.framework/Versions/A/DictionaryServices
0x000000000594f000 	/System/Library/Frameworks/NetFS.framework/Versions/A/NetFS
0x000000000594f000 	/System/Library/PrivateFrameworks/NetAuth.framework/Versions/A/NetAuth
0x000000000594f000 	/System/Library/PrivateFrameworks/login.framework/Versions/A/Frameworks/loginsupport.framework/Versions/A/loginsupport
0x000000000594f000 	/System/Library/PrivateFrameworks/TCC.framework/Versions/A/TCC
0x000000000594f000 	/usr/lib/libmecabra.dylib
0x000000000594f000 	/System/Library/Frameworks/ApplicationServices.framework/Versions/A/Frameworks/ATS.framework/Versions/A/ATS
0x000000000594f000 	/System/Library/Frameworks/ApplicationServices.framework/Versions/A/Frameworks/ColorSync.framework/Versions/A/ColorSync
0x000000000594f000 	/System/Library/Frameworks/ApplicationServices.framework/Versions/A/Frameworks/HIServices.framework/Versions/A/HIServices
0x000000000594f000 	/System/Library/Frameworks/ApplicationServices.framework/Versions/A/Frameworks/LangAnalysis.framework/Versions/A/LangAnalysis
0x000000000594f000 	/System/Library/Frameworks/ApplicationServices.framework/Versions/A/Frameworks/PrintCore.framework/Versions/A/PrintCore
0x000000000594f000 	/System/Library/Frameworks/ApplicationServices.framework/Versions/A/Frameworks/QD.framework/Versions/A/QD
0x000000000594f000 	/System/Library/Frameworks/ApplicationServices.framework/Versions/A/Frameworks/SpeechSynthesis.framework/Versions/A/SpeechSynthesis
0x000000000594f000 	/System/Library/Frameworks/Accelerate.framework/Versions/A/Accelerate
0x000000000594f000 	/System/Library/Frameworks/Accelerate.framework/Versions/A/Frameworks/vImage.framework/Versions/A/vImage
0x000000000594f000 	/System/Library/Frameworks/Accelerate.framework/Versions/A/Frameworks/vecLib.framework/Versions/A/vecLib
0x000000000594f000 	/System/Library/Frameworks/Accelerate.framework/Versions/A/Frameworks/vecLib.framework/Versions/A/libvDSP.dylib
0x000000000594f000 	/System/Library/Frameworks/Accelerate.framework/Versions/A/Frameworks/vecLib.framework/Versions/A/libvMisc.dylib
0x000000000594f000 	/System/Library/Frameworks/Accelerate.framework/Versions/A/Frameworks/vecLib.framework/Versions/A/libLAPACK.dylib
0x000000000594f000 	/System/Library/Frameworks/Accelerate.framework/Versions/A/Frameworks/vecLib.framework/Versions/A/libBLAS.dylib
0x000000000594f000 	/System/Library/Frameworks/Accelerate.framework/Versions/A/Frameworks/vecLib.framework/Versions/A/libLinearAlgebra.dylib
0x000000000594f000 	/System/Library/Frameworks/ApplicationServices.framework/Versions/A/Frameworks/ATS.framework/Versions/A/Resources/libFontParser.dylib
0x000000000594f000 	/System/Library/Frameworks/ApplicationServices.framework/Versions/A/Frameworks/ATS.framework/Versions/A/Resources/libFontRegistry.dylib
0x000000000594f000 	/System/Library/PrivateFrameworks/AppleVPA.framework/Versions/A/AppleVPA
0x000000000594f000 	/System/Library/PrivateFrameworks/AppleJPEG.framework/Versions/A/AppleJPEG
0x000000000594f000 	/System/Library/Frameworks/ImageIO.framework/Versions/A/Resources/libJPEG.dylib
0x000000000594f000 	/System/Library/Frameworks/ImageIO.framework/Versions/A/Resources/libTIFF.dylib
0x000000000594f000 	/System/Library/Frameworks/ImageIO.framework/Versions/A/Resources/libPng.dylib
0x000000000594f000 	/System/Library/Frameworks/ImageIO.framework/Versions/A/Resources/libGIF.dylib
0x000000000594f000 	/System/Library/Frameworks/ImageIO.framework/Versions/A/Resources/libJP2.dylib
0x000000000594f000 	/System/Library/Frameworks/ImageIO.framework/Versions/A/Resources/libRadiance.dylib
0x000000000594f000 	/System/Library/Frameworks/CoreVideo.framework/Versions/A/CoreVideo
0x000000000594f000 	/System/Library/Frameworks/OpenGL.framework/Versions/A/Libraries/libGLU.dylib
0x000000000594f000 	/System/Library/Frameworks/OpenGL.framework/Versions/A/Libraries/libGFXShared.dylib
0x000000000594f000 	/System/Library/Frameworks/OpenGL.framework/Versions/A/Libraries/libGL.dylib
0x000000000594f000 	/System/Library/Frameworks/OpenGL.framework/Versions/A/Libraries/libGLImage.dylib
0x000000000594f000 	/System/Library/Frameworks/OpenGL.framework/Versions/A/Libraries/libCVMSPluginSupport.dylib
0x000000000594f000 	/System/Library/Frameworks/OpenGL.framework/Versions/A/Libraries/libCoreVMClient.dylib
0x000000000594f000 	/usr/lib/libcups.2.dylib
0x000000000594f000 	/System/Library/Frameworks/Kerberos.framework/Versions/A/Kerberos
0x000000000594f000 	/System/Library/Frameworks/GSS.framework/Versions/A/GSS
0x000000000594f000 	/usr/lib/libresolv.9.dylib
0x000000000594f000 	/usr/lib/libiconv.2.dylib
0x000000000594f000 	/System/Library/PrivateFrameworks/Heimdal.framework/Versions/A/Heimdal
0x000000000594f000 	/usr/lib/libheimdal-asn1.dylib
0x000000000594f000 	/System/Library/Frameworks/OpenDirectory.framework/Versions/A/OpenDirectory
0x000000000594f000 	/System/Library/PrivateFrameworks/CommonAuth.framework/Versions/A/CommonAuth
0x000000000594f000 	/System/Library/Frameworks/OpenDirectory.framework/Versions/A/Frameworks/CFOpenDirectory.framework/Versions/A/CFOpenDirectory
0x000000000594f000 	/System/Library/Frameworks/SecurityFoundation.framework/Versions/A/SecurityFoundation
0x000000000594f000 	/System/Library/PrivateFrameworks/LanguageModeling.framework/Versions/A/LanguageModeling
0x000000000594f000 	/usr/lib/libcmph.dylib
0x000000000594f000 	/System/Library/Frameworks/ServiceManagement.framework/Versions/A/ServiceManagement
0x000000000594f000 	/usr/lib/libxslt.1.dylib
0x000000000594f000 	/System/Library/Frameworks/Carbon.framework/Versions/A/Frameworks/Ink.framework/Versions/A/Ink
0x000000000594f000 	/System/Library/Frameworks/QuartzCore.framework/Versions/A/Frameworks/CoreImage.framework/Versions/A/CoreImage
0x000000000594f000 	/System/Library/PrivateFrameworks/CrashReporterSupport.framework/Versions/A/CrashReporterSupport
0x000000000594f000 	/System/Library/Frameworks/OpenCL.framework/Versions/A/OpenCL
0x000000000594f000 	/System/Library/PrivateFrameworks/FaceCore.framework/Versions/A/FaceCore
0x000000000594f000 	/System/Library/PrivateFrameworks/Ubiquity.framework/Versions/A/Ubiquity
0x000000000594f000 	/System/Library/PrivateFrameworks/IconServices.framework/Versions/A/IconServices
0x000000000594f000 	/System/Library/PrivateFrameworks/ChunkingLibrary.framework/Versions/A/ChunkingLibrary
0x000000000594f000 	/System/Library/PrivateFrameworks/Apple80211.framework/Versions/A/Apple80211
0x000000000594f000 	/System/Library/Frameworks/CoreWLAN.framework/Versions/A/CoreWLAN
0x000000000594f000 	/System/Library/Frameworks/IOBluetooth.framework/Versions/A/IOBluetooth
0x000000000594f000 	/System/Library/PrivateFrameworks/CoreWiFi.framework/Versions/A/CoreWiFi
0x000000000594f000 	/System/Library/Frameworks/CoreBluetooth.framework/Versions/A/CoreBluetooth
0x000000000594f000 	/System/Library/PrivateFrameworks/DebugSymbols.framework/Versions/A/DebugSymbols
0x000000000594f000 	/System/Library/PrivateFrameworks/CoreSymbolication.framework/Versions/A/CoreSymbolication
0x000000000594f000 	/System/Library/PrivateFrameworks/Symbolication.framework/Versions/A/Symbolication
0x000000000594f000 	/System/Library/PrivateFrameworks/SpeechRecognitionCore.framework/Versions/A/SpeechRecognitionCore
0x000000010d400000 	/Library/Java/JavaVirtualMachines/jdk1.8.0_77.jdk/Contents/Home/jre/lib/server/libjvm.dylib
0x000000000594f000 	/usr/lib/libstdc++.6.dylib
0x000000010cb72000 	/Library/Java/JavaVirtualMachines/jdk1.8.0_77.jdk/Contents/Home/jre/lib/libverify.dylib
0x000000010cb80000 	/Library/Java/JavaVirtualMachines/jdk1.8.0_77.jdk/Contents/Home/jre/lib/libjava.dylib
0x000000010cbbf000 	/Library/Java/JavaVirtualMachines/jdk1.8.0_77.jdk/Contents/Home/jre/lib/libzip.dylib
0x00000001243b6000 	/System/Library/Frameworks/JavaVM.framework/Frameworks/JavaRuntimeSupport.framework/JavaRuntimeSupport
0x00000001243d1000 	/System/Library/Frameworks/JavaVM.framework/Versions/A/Frameworks/JavaNativeFoundation.framework/Versions/A/JavaNativeFoundation
0x000000010cbf0000 	/System/Library/Frameworks/JavaVM.framework/Versions/A/JavaVM
0x000000000594f000 	/System/Library/Frameworks/Carbon.framework/Versions/A/Carbon
0x00000001243e6000 	/System/Library/PrivateFrameworks/JavaLaunching.framework/Versions/A/JavaLaunching
0x000000000594f000 	/System/Library/Frameworks/Carbon.framework/Versions/A/Frameworks/CommonPanels.framework/Versions/A/CommonPanels
0x000000000594f000 	/System/Library/Frameworks/Carbon.framework/Versions/A/Frameworks/Help.framework/Versions/A/Help
0x000000000594f000 	/System/Library/Frameworks/Carbon.framework/Versions/A/Frameworks/ImageCapture.framework/Versions/A/ImageCapture
0x000000000594f000 	/System/Library/Frameworks/Carbon.framework/Versions/A/Frameworks/OpenScripting.framework/Versions/A/OpenScripting
0x000000000594f000 	/System/Library/Frameworks/Carbon.framework/Versions/A/Frameworks/Print.framework/Versions/A/Print
0x000000000594f000 	/System/Library/Frameworks/Carbon.framework/Versions/A/Frameworks/SecurityHI.framework/Versions/A/SecurityHI
0x0000000126455000 	/Library/Java/JavaVirtualMachines/jdk1.8.0_77.jdk/Contents/Home/jre/lib/libmanagement.dylib
0x0000000126c4f000 	/Library/Java/JavaVirtualMachines/jdk1.8.0_77.jdk/Contents/Home/jre/lib/libnet.dylib
0x0000000126c66000 	/Library/Java/JavaVirtualMachines/jdk1.8.0_77.jdk/Contents/Home/jre/lib/libnio.dylib

VM Arguments:
java_command: target/dw-calc-0.1-SNAPSHOT.jar server RomanCalc.yml
java_class_path (initial): target/dw-calc-0.1-SNAPSHOT.jar
Launcher Type: SUN_STANDARD

Environment Variables:
PATH=/usr/local/bin:/usr/local/bin:/usr/bin:/bin:/usr/sbin:/sbin
SHELL=/bin/bash

Signal Handlers:
SIGSEGV: [libjvm.dylib+0x5a6855], sa_mask[0]=11111111011111110111111111111111, sa_flags=SA_ONSTACK|SA_RESTART|SA_SIGINFO
SIGBUS: [libjvm.dylib+0x5a6855], sa_mask[0]=11111111011111110111111111111111, sa_flags=SA_RESTART|SA_SIGINFO
SIGFPE: [libjvm.dylib+0x4804ec], sa_mask[0]=11111111011111110111111111111111, sa_flags=SA_RESTART|SA_SIGINFO
SIGPIPE: [libjvm.dylib+0x4804ec], sa_mask[0]=11111111011111110111111111111111, sa_flags=SA_RESTART|SA_SIGINFO
SIGXFSZ: [libjvm.dylib+0x4804ec], sa_mask[0]=11111111011111110111111111111111, sa_flags=SA_RESTART|SA_SIGINFO
SIGILL: [libjvm.dylib+0x4804ec], sa_mask[0]=11111111011111110111111111111111, sa_flags=SA_RESTART|SA_SIGINFO
SIGUSR1: SIG_DFL, sa_mask[0]=11011111011111100000000111000110, sa_flags=none
SIGUSR2: [libjvm.dylib+0x48000a], sa_mask[0]=00000000000000000000000000000000, sa_flags=SA_RESTART|SA_SIGINFO
SIGHUP: [libjvm.dylib+0x47e5e1], sa_mask[0]=11111111011111110111111111111111, sa_flags=SA_RESTART|SA_SIGINFO
SIGINT: [libjvm.dylib+0x47e5e1], sa_mask[0]=11111111011111110111111111111111, sa_flags=SA_RESTART|SA_SIGINFO
SIGTERM: [libjvm.dylib+0x47e5e1], sa_mask[0]=11111111011111110111111111111111, sa_flags=SA_RESTART|SA_SIGINFO
SIGQUIT: [libjvm.dylib+0x47e5e1], sa_mask[0]=11111111011111110111111111111111, sa_flags=SA_RESTART|SA_SIGINFO


---------------  S Y S T E M  ---------------

OS:Bsduname:Darwin 14.5.0 Darwin Kernel Version 14.5.0: Tue Sep  1 21:23:09 PDT 2015; root:xnu-2782.50.1~1/RELEASE_X86_64 x86_64
rlimit: STACK 8192k, CORE 0k, NPROC 709, NOFILE 10240, AS infinity
load average:2,50 2,55 2,39

CPU:total 4 (2 cores per cpu, 2 threads per core) family 6 model 69 stepping 1, cmov, cx8, fxsr, mmx, sse, sse2, sse3, ssse3, sse4.1, sse4.2, popcnt, avx, avx2, aes, clmul, erms, lzcnt, ht, tsc, tscinvbit, bmi1, bmi2

Memory: 4k page, physical 8388608k(358424k free)

/proc/meminfo:


vm_info: Java HotSpot(TM) 64-Bit Server VM (25.77-b03) for bsd-amd64 JRE (1.8.0_77-b03), built on Mar 20 2016 22:14:03 by "java_re" with gcc 4.2.1 (Based on Apple Inc. build 5658) (LLVM build 2336.11.00)

time: Sat Apr  2 17:11:05 2016
elapsed time: 737 seconds (0d 0h 12m 17s)

